{"/Users/22060947/Documents/Private/App/test_job/DANS/src/App.jsx": {"path":"/Users/22060947/Documents/Private/App/test_job/DANS/src/App.jsx","statementMap":{"0":{"start":{"line":7,"column":19},"end":{"line":7,"column":48}},"1":{"start":{"line":7,"column":42},"end":{"line":7,"column":47}},"2":{"start":{"line":8,"column":2},"end":{"line":8,"column":30}}},"fnMap":{"0":{"name":"App","decl":{"start":{"line":6,"column":9},"end":{"line":6,"column":12}},"loc":{"start":{"line":6,"column":15},"end":{"line":9,"column":1}},"line":6},"1":{"name":"(anonymous_1)","decl":{"start":{"line":7,"column":31},"end":{"line":7,"column":32}},"loc":{"start":{"line":7,"column":42},"end":{"line":7,"column":47}},"line":7}},"branchMap":{},"s":{"0":5,"1":0,"2":0},"f":{"0":5,"1":0},"b":{},"_coverageSchema":"1a1c01bbd47fc00a2c39e90264f33305004495a9","hash":"b465a6aa2df5c299b699be2a15745c5e74f52315"}
,"/Users/22060947/Documents/Private/App/test_job/DANS/src/Component/Card/CardComponent.jsx": {"path":"/Users/22060947/Documents/Private/App/test_job/DANS/src/Component/Card/CardComponent.jsx","statementMap":{"0":{"start":{"line":4,"column":2},"end":{"line":44,"column":4}}},"fnMap":{"0":{"name":"CardComponent","decl":{"start":{"line":3,"column":9},"end":{"line":3,"column":22}},"loc":{"start":{"line":3,"column":69},"end":{"line":45,"column":1}},"line":3}},"branchMap":{},"s":{"0":3},"f":{"0":3},"b":{},"_coverageSchema":"1a1c01bbd47fc00a2c39e90264f33305004495a9","hash":"3965baca1bd967d1edfbc17fa7b2b4159e6c8383"}
,"/Users/22060947/Documents/Private/App/test_job/DANS/src/Component/Checkbox/CheckboxComponent.jsx": {"path":"/Users/22060947/Documents/Private/App/test_job/DANS/src/Component/Checkbox/CheckboxComponent.jsx","statementMap":{"0":{"start":{"line":4,"column":2},"end":{"line":20,"column":4}}},"fnMap":{"0":{"name":"CheckboxComponent","decl":{"start":{"line":3,"column":9},"end":{"line":3,"column":26}},"loc":{"start":{"line":3,"column":55},"end":{"line":21,"column":1}},"line":3}},"branchMap":{},"s":{"0":3},"f":{"0":3},"b":{},"_coverageSchema":"1a1c01bbd47fc00a2c39e90264f33305004495a9","hash":"9fb566f19a6f7bffdad1a31e3f6806dcaad12a8c"}
,"/Users/22060947/Documents/Private/App/test_job/DANS/src/Component/Input/InputComponent.jsx": {"path":"/Users/22060947/Documents/Private/App/test_job/DANS/src/Component/Input/InputComponent.jsx","statementMap":{"0":{"start":{"line":12,"column":2},"end":{"line":33,"column":4}}},"fnMap":{"0":{"name":"InputComponent","decl":{"start":{"line":3,"column":9},"end":{"line":3,"column":23}},"loc":{"start":{"line":11,"column":3},"end":{"line":34,"column":1}},"line":11}},"branchMap":{"0":{"loc":{"start":{"line":21,"column":14},"end":{"line":21,"column":28}},"type":"binary-expr","locations":[{"start":{"line":21,"column":14},"end":{"line":21,"column":18}},{"start":{"line":21,"column":22},"end":{"line":21,"column":28}}],"line":21}},"s":{"0":2},"f":{"0":2},"b":{"0":[2,1]},"_coverageSchema":"1a1c01bbd47fc00a2c39e90264f33305004495a9","hash":"60921e6952aa93fd278381191a1a88b1a4aeef1d"}
,"/Users/22060947/Documents/Private/App/test_job/DANS/src/Component/Layout/LayoutComponent.jsx": {"path":"/Users/22060947/Documents/Private/App/test_job/DANS/src/Component/Layout/LayoutComponent.jsx","statementMap":{"0":{"start":{"line":9,"column":2},"end":{"line":21,"column":4}}},"fnMap":{"0":{"name":"LayoutComponent","decl":{"start":{"line":8,"column":9},"end":{"line":8,"column":24}},"loc":{"start":{"line":8,"column":39},"end":{"line":22,"column":1}},"line":8}},"branchMap":{},"s":{"0":4},"f":{"0":4},"b":{},"_coverageSchema":"1a1c01bbd47fc00a2c39e90264f33305004495a9","hash":"a04ae717267f8ccb4f23a72ef4255de4ca16865f"}
,"/Users/22060947/Documents/Private/App/test_job/DANS/src/Component/LoadingComponent/LoadingComponent.jsx": {"path":"/Users/22060947/Documents/Private/App/test_job/DANS/src/Component/LoadingComponent/LoadingComponent.jsx","statementMap":{"0":{"start":{"line":5,"column":25},"end":{"line":14,"column":1}},"1":{"start":{"line":6,"column":2},"end":{"line":13,"column":4}},"2":{"start":{"line":16,"column":22},"end":{"line":16,"column":51}},"3":{"start":{"line":16,"column":45},"end":{"line":16,"column":50}},"4":{"start":{"line":17,"column":27},"end":{"line":17,"column":34}},"5":{"start":{"line":18,"column":25},"end":{"line":18,"column":59}},"6":{"start":{"line":19,"column":2},"end":{"line":19,"column":24}}},"fnMap":{"0":{"name":"(anonymous_0)","decl":{"start":{"line":5,"column":25},"end":{"line":5,"column":26}},"loc":{"start":{"line":5,"column":31},"end":{"line":14,"column":1}},"line":5},"1":{"name":"LoadingComponent","decl":{"start":{"line":15,"column":9},"end":{"line":15,"column":25}},"loc":{"start":{"line":15,"column":28},"end":{"line":20,"column":1}},"line":15},"2":{"name":"(anonymous_2)","decl":{"start":{"line":16,"column":34},"end":{"line":16,"column":35}},"loc":{"start":{"line":16,"column":45},"end":{"line":16,"column":50}},"line":16}},"branchMap":{"0":{"loc":{"start":{"line":18,"column":25},"end":{"line":18,"column":59}},"type":"binary-expr","locations":[{"start":{"line":18,"column":25},"end":{"line":18,"column":37}},{"start":{"line":18,"column":41},"end":{"line":18,"column":59}}],"line":18}},"s":{"0":2,"1":2,"2":4,"3":2,"4":4,"5":4,"6":4},"f":{"0":2,"1":4,"2":2},"b":{"0":[4,2]},"_coverageSchema":"1a1c01bbd47fc00a2c39e90264f33305004495a9","hash":"997b21010a95e65849050688ef45c64518444fa7"}
,"/Users/22060947/Documents/Private/App/test_job/DANS/src/Component/Navbar/NavbarComponent.jsx": {"path":"/Users/22060947/Documents/Private/App/test_job/DANS/src/Component/Navbar/NavbarComponent.jsx","statementMap":{"0":{"start":{"line":8,"column":19},"end":{"line":8,"column":48}},"1":{"start":{"line":8,"column":42},"end":{"line":8,"column":47}},"2":{"start":{"line":9,"column":19},"end":{"line":9,"column":32}},"3":{"start":{"line":10,"column":18},"end":{"line":10,"column":38}},"4":{"start":{"line":11,"column":30},"end":{"line":22,"column":3}},"5":{"start":{"line":12,"column":4},"end":{"line":21,"column":6}},"6":{"start":{"line":25,"column":4},"end":{"line":25,"column":30}},"7":{"start":{"line":28,"column":30},"end":{"line":28,"column":61}},"8":{"start":{"line":28,"column":36},"end":{"line":28,"column":61}},"9":{"start":{"line":30,"column":22},"end":{"line":34,"column":3}},"10":{"start":{"line":31,"column":4},"end":{"line":33,"column":9}},"11":{"start":{"line":36,"column":2},"end":{"line":41,"column":4}}},"fnMap":{"0":{"name":"NavbarComponent","decl":{"start":{"line":7,"column":9},"end":{"line":7,"column":24}},"loc":{"start":{"line":7,"column":27},"end":{"line":42,"column":1}},"line":7},"1":{"name":"(anonymous_1)","decl":{"start":{"line":8,"column":31},"end":{"line":8,"column":32}},"loc":{"start":{"line":8,"column":42},"end":{"line":8,"column":47}},"line":8},"2":{"name":"(anonymous_2)","decl":{"start":{"line":11,"column":30},"end":{"line":11,"column":31}},"loc":{"start":{"line":11,"column":36},"end":{"line":22,"column":3}},"line":11},"3":{"name":"Logout","decl":{"start":{"line":24,"column":11},"end":{"line":24,"column":17}},"loc":{"start":{"line":24,"column":20},"end":{"line":26,"column":3}},"line":24},"4":{"name":"(anonymous_4)","decl":{"start":{"line":28,"column":30},"end":{"line":28,"column":31}},"loc":{"start":{"line":28,"column":36},"end":{"line":28,"column":61}},"line":28},"5":{"name":"(anonymous_5)","decl":{"start":{"line":30,"column":22},"end":{"line":30,"column":23}},"loc":{"start":{"line":31,"column":4},"end":{"line":33,"column":9}},"line":31}},"branchMap":{"0":{"loc":{"start":{"line":13,"column":6},"end":{"line":20,"column":7}},"type":"binary-expr","locations":[{"start":{"line":13,"column":6},"end":{"line":13,"column":13}},{"start":{"line":14,"column":8},"end":{"line":19,"column":13}}],"line":13},"1":{"loc":{"start":{"line":18,"column":11},"end":{"line":18,"column":30}},"type":"binary-expr","locations":[{"start":{"line":18,"column":11},"end":{"line":18,"column":18}},{"start":{"line":18,"column":22},"end":{"line":18,"column":30}}],"line":18}},"s":{"0":4,"1":0,"2":4,"3":4,"4":4,"5":4,"6":1,"7":4,"8":4,"9":4,"10":4,"11":4},"f":{"0":4,"1":0,"2":4,"3":1,"4":4,"5":4},"b":{"0":[4,2],"1":[2,2]},"_coverageSchema":"1a1c01bbd47fc00a2c39e90264f33305004495a9","hash":"36ea2baf211026edfeb50c2cebafdbf2b4e01d1d"}
,"/Users/22060947/Documents/Private/App/test_job/DANS/src/Component/SlideShow/SlideShow.jsx": {"path":"/Users/22060947/Documents/Private/App/test_job/DANS/src/Component/SlideShow/SlideShow.jsx","statementMap":{"0":{"start":{"line":6,"column":15},"end":{"line":22,"column":1}},"1":{"start":{"line":25,"column":42},"end":{"line":25,"column":53}},"2":{"start":{"line":27,"column":24},"end":{"line":29,"column":3}},"3":{"start":{"line":28,"column":4},"end":{"line":28,"column":72}},"4":{"start":{"line":31,"column":24},"end":{"line":33,"column":3}},"5":{"start":{"line":32,"column":4},"end":{"line":32,"column":56}},"6":{"start":{"line":35,"column":2},"end":{"line":40,"column":21}},"7":{"start":{"line":36,"column":21},"end":{"line":38,"column":12}},"8":{"start":{"line":37,"column":6},"end":{"line":37,"column":58}},"9":{"start":{"line":39,"column":4},"end":{"line":39,"column":41}},"10":{"start":{"line":39,"column":17},"end":{"line":39,"column":40}},"11":{"start":{"line":42,"column":2},"end":{"line":59,"column":4}},"12":{"start":{"line":45,"column":8},"end":{"line":56,"column":14}}},"fnMap":{"0":{"name":"SlideShow","decl":{"start":{"line":24,"column":9},"end":{"line":24,"column":18}},"loc":{"start":{"line":24,"column":21},"end":{"line":60,"column":1}},"line":24},"1":{"name":"(anonymous_1)","decl":{"start":{"line":27,"column":24},"end":{"line":27,"column":25}},"loc":{"start":{"line":27,"column":30},"end":{"line":29,"column":3}},"line":27},"2":{"name":"(anonymous_2)","decl":{"start":{"line":31,"column":24},"end":{"line":31,"column":25}},"loc":{"start":{"line":31,"column":30},"end":{"line":33,"column":3}},"line":31},"3":{"name":"(anonymous_3)","decl":{"start":{"line":35,"column":12},"end":{"line":35,"column":13}},"loc":{"start":{"line":35,"column":18},"end":{"line":40,"column":3}},"line":35},"4":{"name":"(anonymous_4)","decl":{"start":{"line":36,"column":33},"end":{"line":36,"column":34}},"loc":{"start":{"line":36,"column":39},"end":{"line":38,"column":5}},"line":36},"5":{"name":"(anonymous_5)","decl":{"start":{"line":39,"column":11},"end":{"line":39,"column":12}},"loc":{"start":{"line":39,"column":17},"end":{"line":39,"column":40}},"line":39},"6":{"name":"(anonymous_6)","decl":{"start":{"line":44,"column":18},"end":{"line":44,"column":19}},"loc":{"start":{"line":45,"column":8},"end":{"line":56,"column":14}},"line":45}},"branchMap":{"0":{"loc":{"start":{"line":48,"column":12},"end":{"line":48,"column":64}},"type":"cond-expr","locations":[{"start":{"line":48,"column":37},"end":{"line":48,"column":50}},{"start":{"line":48,"column":53},"end":{"line":48,"column":64}}],"line":48}},"s":{"0":2,"1":2,"2":2,"3":0,"4":2,"5":0,"6":2,"7":2,"8":0,"9":2,"10":2,"11":2,"12":6},"f":{"0":2,"1":0,"2":0,"3":2,"4":0,"5":2,"6":6},"b":{"0":[2,4]},"_coverageSchema":"1a1c01bbd47fc00a2c39e90264f33305004495a9","hash":"7b6a1ccf559febcb63aafa309072adc362652125"}
,"/Users/22060947/Documents/Private/App/test_job/DANS/src/Component/Toast/ToastComponent.jsx": {"path":"/Users/22060947/Documents/Private/App/test_job/DANS/src/Component/Toast/ToastComponent.jsx","statementMap":{"0":{"start":{"line":8,"column":20},"end":{"line":8,"column":49}},"1":{"start":{"line":8,"column":43},"end":{"line":8,"column":48}},"2":{"start":{"line":9,"column":19},"end":{"line":9,"column":32}},"3":{"start":{"line":11,"column":2},"end":{"line":16,"column":34}},"4":{"start":{"line":12,"column":4},"end":{"line":15,"column":5}},"5":{"start":{"line":13,"column":6},"end":{"line":13,"column":33}},"6":{"start":{"line":14,"column":6},"end":{"line":14,"column":56}},"7":{"start":{"line":14,"column":23},"end":{"line":14,"column":48}},"8":{"start":{"line":18,"column":2},"end":{"line":31,"column":4}}},"fnMap":{"0":{"name":"ToastComponent","decl":{"start":{"line":7,"column":24},"end":{"line":7,"column":38}},"loc":{"start":{"line":7,"column":41},"end":{"line":32,"column":1}},"line":7},"1":{"name":"(anonymous_1)","decl":{"start":{"line":8,"column":32},"end":{"line":8,"column":33}},"loc":{"start":{"line":8,"column":43},"end":{"line":8,"column":48}},"line":8},"2":{"name":"(anonymous_2)","decl":{"start":{"line":11,"column":12},"end":{"line":11,"column":13}},"loc":{"start":{"line":11,"column":18},"end":{"line":16,"column":3}},"line":11},"3":{"name":"(anonymous_3)","decl":{"start":{"line":14,"column":17},"end":{"line":14,"column":18}},"loc":{"start":{"line":14,"column":23},"end":{"line":14,"column":48}},"line":14}},"branchMap":{"0":{"loc":{"start":{"line":12,"column":4},"end":{"line":15,"column":5}},"type":"if","locations":[{"start":{"line":12,"column":4},"end":{"line":15,"column":5}},{"start":{},"end":{}}],"line":12},"1":{"loc":{"start":{"line":12,"column":8},"end":{"line":12,"column":35}},"type":"binary-expr","locations":[{"start":{"line":12,"column":8},"end":{"line":12,"column":20}},{"start":{"line":12,"column":24},"end":{"line":12,"column":35}}],"line":12}},"s":{"0":1,"1":1,"2":1,"3":1,"4":1,"5":0,"6":0,"7":0,"8":1},"f":{"0":1,"1":1,"2":1,"3":0},"b":{"0":[0,1],"1":[1,1]},"_coverageSchema":"1a1c01bbd47fc00a2c39e90264f33305004495a9","hash":"547f8f2fb48eadca97672b68f1a41dda7754c2ef"}
,"/Users/22060947/Documents/Private/App/test_job/DANS/src/Containers/DetailsJob/DetailsComponent.jsx": {"path":"/Users/22060947/Documents/Private/App/test_job/DANS/src/Containers/DetailsJob/DetailsComponent.jsx","statementMap":{"0":{"start":{"line":7,"column":22},"end":{"line":22,"column":3}},"1":{"start":{"line":8,"column":4},"end":{"line":21,"column":6}},"2":{"start":{"line":13,"column":25},"end":{"line":13,"column":62}},"3":{"start":{"line":24,"column":2},"end":{"line":24,"column":24}}},"fnMap":{"0":{"name":"DetailsComponent","decl":{"start":{"line":6,"column":9},"end":{"line":6,"column":25}},"loc":{"start":{"line":6,"column":33},"end":{"line":25,"column":1}},"line":6},"1":{"name":"(anonymous_1)","decl":{"start":{"line":7,"column":22},"end":{"line":7,"column":23}},"loc":{"start":{"line":7,"column":28},"end":{"line":22,"column":3}},"line":7},"2":{"name":"(anonymous_2)","decl":{"start":{"line":13,"column":19},"end":{"line":13,"column":20}},"loc":{"start":{"line":13,"column":25},"end":{"line":13,"column":62}},"line":13}},"branchMap":{},"s":{"0":0,"1":0,"2":0,"3":0},"f":{"0":0,"1":0,"2":0},"b":{},"_coverageSchema":"1a1c01bbd47fc00a2c39e90264f33305004495a9","hash":"16c56e32d5b06368077dbcc07ae28174e0eaf2e6"}
,"/Users/22060947/Documents/Private/App/test_job/DANS/src/Containers/DetailsJob/DetailsConfig.js": {"path":"/Users/22060947/Documents/Private/App/test_job/DANS/src/Containers/DetailsJob/DetailsConfig.js","statementMap":{"0":{"start":{"line":1,"column":21},"end":{"line":5,"column":1}}},"fnMap":{},"branchMap":{},"s":{"0":3},"f":{},"b":{},"_coverageSchema":"1a1c01bbd47fc00a2c39e90264f33305004495a9","hash":"dc31348f3a3f42d0f26219d3243ee21780ec3b46"}
,"/Users/22060947/Documents/Private/App/test_job/DANS/src/Containers/DetailsJob/DetailsContainer.jsx": {"path":"/Users/22060947/Documents/Private/App/test_job/DANS/src/Containers/DetailsJob/DetailsContainer.jsx","statementMap":{"0":{"start":{"line":7,"column":2},"end":{"line":39,"column":4}},"1":{"start":{"line":8,"column":30},"end":{"line":8,"column":52}},"2":{"start":{"line":9,"column":28},"end":{"line":9,"column":43}},"3":{"start":{"line":10,"column":21},"end":{"line":10,"column":34}},"4":{"start":{"line":11,"column":21},"end":{"line":11,"column":34}},"5":{"start":{"line":13,"column":29},"end":{"line":18,"column":5}},"6":{"start":{"line":14,"column":21},"end":{"line":14,"column":36}},"7":{"start":{"line":15,"column":18},"end":{"line":15,"column":59}},"8":{"start":{"line":16,"column":24},"end":{"line":16,"column":44}},"9":{"start":{"line":17,"column":6},"end":{"line":17,"column":58}},"10":{"start":{"line":17,"column":26},"end":{"line":17,"column":55}},"11":{"start":{"line":19,"column":18},"end":{"line":21,"column":5}},"12":{"start":{"line":20,"column":6},"end":{"line":20,"column":72}},"13":{"start":{"line":20,"column":26},"end":{"line":20,"column":69}},"14":{"start":{"line":23,"column":19},"end":{"line":26,"column":5}},"15":{"start":{"line":24,"column":19},"end":{"line":24,"column":26}},"16":{"start":{"line":25,"column":23},"end":{"line":25,"column":34}},"17":{"start":{"line":28,"column":4},"end":{"line":32,"column":29}},"18":{"start":{"line":29,"column":6},"end":{"line":29,"column":68}},"19":{"start":{"line":30,"column":6},"end":{"line":30,"column":70}},"20":{"start":{"line":31,"column":6},"end":{"line":31,"column":44}},"21":{"start":{"line":31,"column":23},"end":{"line":31,"column":37}},"22":{"start":{"line":34,"column":4},"end":{"line":36,"column":25}},"23":{"start":{"line":35,"column":6},"end":{"line":35,"column":50}},"24":{"start":{"line":38,"column":4},"end":{"line":38,"column":64}}},"fnMap":{"0":{"name":"WithDetailsContainer","decl":{"start":{"line":6,"column":9},"end":{"line":6,"column":29}},"loc":{"start":{"line":6,"column":41},"end":{"line":40,"column":1}},"line":6},"1":{"name":"(anonymous_1)","decl":{"start":{"line":7,"column":9},"end":{"line":7,"column":10}},"loc":{"start":{"line":7,"column":15},"end":{"line":39,"column":3}},"line":7},"2":{"name":"(anonymous_2)","decl":{"start":{"line":13,"column":29},"end":{"line":13,"column":30}},"loc":{"start":{"line":13,"column":54},"end":{"line":18,"column":5}},"line":13},"3":{"name":"(anonymous_3)","decl":{"start":{"line":17,"column":15},"end":{"line":17,"column":16}},"loc":{"start":{"line":17,"column":26},"end":{"line":17,"column":55}},"line":17},"4":{"name":"(anonymous_4)","decl":{"start":{"line":19,"column":18},"end":{"line":19,"column":19}},"loc":{"start":{"line":19,"column":24},"end":{"line":21,"column":5}},"line":19},"5":{"name":"(anonymous_5)","decl":{"start":{"line":20,"column":15},"end":{"line":20,"column":16}},"loc":{"start":{"line":20,"column":26},"end":{"line":20,"column":69}},"line":20},"6":{"name":"(anonymous_6)","decl":{"start":{"line":24,"column":13},"end":{"line":24,"column":14}},"loc":{"start":{"line":24,"column":19},"end":{"line":24,"column":26}},"line":24},"7":{"name":"(anonymous_7)","decl":{"start":{"line":25,"column":16},"end":{"line":25,"column":17}},"loc":{"start":{"line":25,"column":23},"end":{"line":25,"column":34}},"line":25},"8":{"name":"(anonymous_8)","decl":{"start":{"line":28,"column":14},"end":{"line":28,"column":15}},"loc":{"start":{"line":28,"column":20},"end":{"line":32,"column":5}},"line":28},"9":{"name":"(anonymous_9)","decl":{"start":{"line":31,"column":17},"end":{"line":31,"column":18}},"loc":{"start":{"line":31,"column":23},"end":{"line":31,"column":37}},"line":31},"10":{"name":"(anonymous_10)","decl":{"start":{"line":34,"column":14},"end":{"line":34,"column":15}},"loc":{"start":{"line":34,"column":20},"end":{"line":36,"column":5}},"line":34}},"branchMap":{},"s":{"0":3,"1":0,"2":0,"3":0,"4":0,"5":0,"6":0,"7":0,"8":0,"9":0,"10":0,"11":0,"12":0,"13":0,"14":0,"15":0,"16":0,"17":0,"18":0,"19":0,"20":0,"21":0,"22":0,"23":0,"24":0},"f":{"0":3,"1":0,"2":0,"3":0,"4":0,"5":0,"6":0,"7":0,"8":0,"9":0,"10":0},"b":{},"_coverageSchema":"1a1c01bbd47fc00a2c39e90264f33305004495a9","hash":"0bd23898cef8538e3cde99e1fc480af4fc0e4172"}
,"/Users/22060947/Documents/Private/App/test_job/DANS/src/Containers/DetailsJob/FetcherDetails.js": {"path":"/Users/22060947/Documents/Private/App/test_job/DANS/src/Containers/DetailsJob/FetcherDetails.js","statementMap":{"0":{"start":{"line":3,"column":28},"end":{"line":12,"column":1}},"1":{"start":{"line":4,"column":2},"end":{"line":11,"column":3}},"2":{"start":{"line":5,"column":21},"end":{"line":7,"column":5}},"3":{"start":{"line":8,"column":4},"end":{"line":8,"column":47}},"4":{"start":{"line":8,"column":24},"end":{"line":8,"column":44}},"5":{"start":{"line":10,"column":4},"end":{"line":10,"column":48}},"6":{"start":{"line":10,"column":20},"end":{"line":10,"column":45}}},"fnMap":{"0":{"name":"(anonymous_0)","decl":{"start":{"line":3,"column":28},"end":{"line":3,"column":29}},"loc":{"start":{"line":3,"column":52},"end":{"line":12,"column":1}},"line":3},"1":{"name":"(anonymous_1)","decl":{"start":{"line":8,"column":13},"end":{"line":8,"column":14}},"loc":{"start":{"line":8,"column":24},"end":{"line":8,"column":44}},"line":8},"2":{"name":"(anonymous_2)","decl":{"start":{"line":10,"column":13},"end":{"line":10,"column":14}},"loc":{"start":{"line":10,"column":20},"end":{"line":10,"column":45}},"line":10}},"branchMap":{},"s":{"0":3,"1":0,"2":0,"3":0,"4":0,"5":0,"6":0},"f":{"0":0,"1":0,"2":0},"b":{},"_coverageSchema":"1a1c01bbd47fc00a2c39e90264f33305004495a9","hash":"2146cfa85ee09620cc4df195bd25ad032564f8a0"}
,"/Users/22060947/Documents/Private/App/test_job/DANS/src/Containers/Home/HomeComponent.jsx": {"path":"/Users/22060947/Documents/Private/App/test_job/DANS/src/Containers/Home/HomeComponent.jsx","statementMap":{"0":{"start":{"line":4,"column":2},"end":{"line":6,"column":3}}},"fnMap":{"0":{"name":"HomeComponent","decl":{"start":{"line":3,"column":9},"end":{"line":3,"column":22}},"loc":{"start":{"line":3,"column":25},"end":{"line":7,"column":1}},"line":3}},"branchMap":{},"s":{"0":0},"f":{"0":0},"b":{},"_coverageSchema":"1a1c01bbd47fc00a2c39e90264f33305004495a9","hash":"e754e3f03cfd163e8452b0ba224f0465acb09777"}
,"/Users/22060947/Documents/Private/App/test_job/DANS/src/Containers/Jobs/JobFetch.js": {"path":"/Users/22060947/Documents/Private/App/test_job/DANS/src/Containers/Jobs/JobFetch.js","statementMap":{"0":{"start":{"line":4,"column":20},"end":{"line":15,"column":1}},"1":{"start":{"line":5,"column":19},"end":{"line":5,"column":24}},"2":{"start":{"line":6,"column":22},"end":{"line":6,"column":53}},"3":{"start":{"line":8,"column":2},"end":{"line":14,"column":7}},"4":{"start":{"line":10,"column":6},"end":{"line":10,"column":61}},"5":{"start":{"line":10,"column":26},"end":{"line":10,"column":58}},"6":{"start":{"line":13,"column":6},"end":{"line":13,"column":54}},"7":{"start":{"line":13,"column":26},"end":{"line":13,"column":51}},"8":{"start":{"line":17,"column":16},"end":{"line":28,"column":1}},"9":{"start":{"line":18,"column":43},"end":{"line":18,"column":48}},"10":{"start":{"line":19,"column":22},"end":{"line":19,"column":48}},"11":{"start":{"line":20,"column":25},"end":{"line":20,"column":48}},"12":{"start":{"line":21,"column":25},"end":{"line":21,"column":49}},"13":{"start":{"line":22,"column":14},"end":{"line":22,"column":75}},"14":{"start":{"line":24,"column":2},"end":{"line":27,"column":20}},"15":{"start":{"line":25,"column":21},"end":{"line":25,"column":44}},"16":{"start":{"line":26,"column":4},"end":{"line":26,"column":50}},"17":{"start":{"line":26,"column":24},"end":{"line":26,"column":47}},"18":{"start":{"line":30,"column":17},"end":{"line":42,"column":1}},"19":{"start":{"line":31,"column":2},"end":{"line":31,"column":57}},"20":{"start":{"line":31,"column":22},"end":{"line":31,"column":54}},"21":{"start":{"line":32,"column":17},"end":{"line":32,"column":22}},"22":{"start":{"line":33,"column":22},"end":{"line":33,"column":40}},"23":{"start":{"line":34,"column":22},"end":{"line":34,"column":60}},"24":{"start":{"line":36,"column":2},"end":{"line":41,"column":3}},"25":{"start":{"line":37,"column":21},"end":{"line":37,"column":52}},"26":{"start":{"line":38,"column":4},"end":{"line":38,"column":69}},"27":{"start":{"line":38,"column":24},"end":{"line":38,"column":66}},"28":{"start":{"line":40,"column":4},"end":{"line":40,"column":61}},"29":{"start":{"line":40,"column":24},"end":{"line":40,"column":58}}},"fnMap":{"0":{"name":"(anonymous_0)","decl":{"start":{"line":4,"column":20},"end":{"line":4,"column":21}},"loc":{"start":{"line":4,"column":47},"end":{"line":15,"column":1}},"line":4},"1":{"name":"(anonymous_1)","decl":{"start":{"line":9,"column":10},"end":{"line":9,"column":11}},"loc":{"start":{"line":9,"column":24},"end":{"line":11,"column":5}},"line":9},"2":{"name":"(anonymous_2)","decl":{"start":{"line":10,"column":15},"end":{"line":10,"column":16}},"loc":{"start":{"line":10,"column":26},"end":{"line":10,"column":58}},"line":10},"3":{"name":"(anonymous_3)","decl":{"start":{"line":12,"column":11},"end":{"line":12,"column":12}},"loc":{"start":{"line":12,"column":22},"end":{"line":14,"column":5}},"line":12},"4":{"name":"(anonymous_4)","decl":{"start":{"line":13,"column":15},"end":{"line":13,"column":16}},"loc":{"start":{"line":13,"column":26},"end":{"line":13,"column":51}},"line":13},"5":{"name":"(anonymous_5)","decl":{"start":{"line":17,"column":16},"end":{"line":17,"column":17}},"loc":{"start":{"line":17,"column":43},"end":{"line":28,"column":1}},"line":17},"6":{"name":"(anonymous_6)","decl":{"start":{"line":26,"column":13},"end":{"line":26,"column":14}},"loc":{"start":{"line":26,"column":24},"end":{"line":26,"column":47}},"line":26},"7":{"name":"(anonymous_7)","decl":{"start":{"line":30,"column":17},"end":{"line":30,"column":18}},"loc":{"start":{"line":30,"column":44},"end":{"line":42,"column":1}},"line":30},"8":{"name":"(anonymous_8)","decl":{"start":{"line":31,"column":11},"end":{"line":31,"column":12}},"loc":{"start":{"line":31,"column":22},"end":{"line":31,"column":54}},"line":31},"9":{"name":"(anonymous_9)","decl":{"start":{"line":38,"column":13},"end":{"line":38,"column":14}},"loc":{"start":{"line":38,"column":24},"end":{"line":38,"column":66}},"line":38},"10":{"name":"(anonymous_10)","decl":{"start":{"line":40,"column":13},"end":{"line":40,"column":14}},"loc":{"start":{"line":40,"column":24},"end":{"line":40,"column":58}},"line":40}},"branchMap":{},"s":{"0":4,"1":2,"2":2,"3":2,"4":1,"5":0,"6":1,"7":0,"8":4,"9":3,"10":3,"11":3,"12":3,"13":3,"14":3,"15":3,"16":2,"17":0,"18":4,"19":1,"20":0,"21":1,"22":1,"23":1,"24":1,"25":1,"26":1,"27":0,"28":0,"29":0},"f":{"0":2,"1":1,"2":0,"3":1,"4":0,"5":3,"6":0,"7":1,"8":0,"9":0,"10":0},"b":{},"_coverageSchema":"1a1c01bbd47fc00a2c39e90264f33305004495a9","hash":"02e9e3a6cf284f53ef1a612a182d8bb0cce937a2"}
,"/Users/22060947/Documents/Private/App/test_job/DANS/src/Containers/Jobs/JobsComponent.jsx": {"path":"/Users/22060947/Documents/Private/App/test_job/DANS/src/Containers/Jobs/JobsComponent.jsx","statementMap":{"0":{"start":{"line":7,"column":22},"end":{"line":33,"column":1}},"1":{"start":{"line":8,"column":2},"end":{"line":32,"column":4}},"2":{"start":{"line":13,"column":25},"end":{"line":13,"column":54}},"3":{"start":{"line":21,"column":25},"end":{"line":21,"column":54}},"4":{"start":{"line":27,"column":24},"end":{"line":27,"column":54}},"5":{"start":{"line":34,"column":20},"end":{"line":56,"column":1}},"6":{"start":{"line":35,"column":30},"end":{"line":42,"column":3}},"7":{"start":{"line":36,"column":4},"end":{"line":41,"column":13}},"8":{"start":{"line":37,"column":21},"end":{"line":37,"column":46}},"9":{"start":{"line":44,"column":2},"end":{"line":55,"column":4}},"10":{"start":{"line":57,"column":20},"end":{"line":81,"column":1}},"11":{"start":{"line":58,"column":15},"end":{"line":58,"column":54}},"12":{"start":{"line":58,"column":29},"end":{"line":58,"column":39}},"13":{"start":{"line":60,"column":2},"end":{"line":80,"column":4}},"14":{"start":{"line":65,"column":14},"end":{"line":76,"column":15}},"15":{"start":{"line":68,"column":35},"end":{"line":68,"column":66}},"16":{"start":{"line":82,"column":25},"end":{"line":98,"column":1}},"17":{"start":{"line":83,"column":25},"end":{"line":90,"column":3}},"18":{"start":{"line":84,"column":4},"end":{"line":89,"column":13}},"19":{"start":{"line":85,"column":21},"end":{"line":85,"column":44}},"20":{"start":{"line":92,"column":2},"end":{"line":97,"column":4}},"21":{"start":{"line":100,"column":2},"end":{"line":105,"column":4}}},"fnMap":{"0":{"name":"(anonymous_0)","decl":{"start":{"line":7,"column":22},"end":{"line":7,"column":23}},"loc":{"start":{"line":7,"column":33},"end":{"line":33,"column":1}},"line":7},"1":{"name":"(anonymous_1)","decl":{"start":{"line":13,"column":18},"end":{"line":13,"column":19}},"loc":{"start":{"line":13,"column":25},"end":{"line":13,"column":54}},"line":13},"2":{"name":"(anonymous_2)","decl":{"start":{"line":21,"column":18},"end":{"line":21,"column":19}},"loc":{"start":{"line":21,"column":25},"end":{"line":21,"column":54}},"line":21},"3":{"name":"(anonymous_3)","decl":{"start":{"line":27,"column":18},"end":{"line":27,"column":19}},"loc":{"start":{"line":27,"column":24},"end":{"line":27,"column":54}},"line":27},"4":{"name":"(anonymous_4)","decl":{"start":{"line":34,"column":20},"end":{"line":34,"column":21}},"loc":{"start":{"line":34,"column":31},"end":{"line":56,"column":1}},"line":34},"5":{"name":"(anonymous_5)","decl":{"start":{"line":35,"column":30},"end":{"line":35,"column":31}},"loc":{"start":{"line":36,"column":4},"end":{"line":41,"column":13}},"line":36},"6":{"name":"(anonymous_6)","decl":{"start":{"line":37,"column":15},"end":{"line":37,"column":16}},"loc":{"start":{"line":37,"column":21},"end":{"line":37,"column":46}},"line":37},"7":{"name":"(anonymous_7)","decl":{"start":{"line":57,"column":20},"end":{"line":57,"column":21}},"loc":{"start":{"line":57,"column":31},"end":{"line":81,"column":1}},"line":57},"8":{"name":"(anonymous_8)","decl":{"start":{"line":58,"column":23},"end":{"line":58,"column":24}},"loc":{"start":{"line":58,"column":29},"end":{"line":58,"column":39}},"line":58},"9":{"name":"(anonymous_9)","decl":{"start":{"line":64,"column":12},"end":{"line":64,"column":13}},"loc":{"start":{"line":65,"column":14},"end":{"line":76,"column":15}},"line":65},"10":{"name":"(anonymous_10)","decl":{"start":{"line":68,"column":29},"end":{"line":68,"column":30}},"loc":{"start":{"line":68,"column":35},"end":{"line":68,"column":66}},"line":68},"11":{"name":"(anonymous_11)","decl":{"start":{"line":82,"column":25},"end":{"line":82,"column":26}},"loc":{"start":{"line":82,"column":36},"end":{"line":98,"column":1}},"line":82},"12":{"name":"(anonymous_12)","decl":{"start":{"line":83,"column":25},"end":{"line":83,"column":26}},"loc":{"start":{"line":84,"column":4},"end":{"line":89,"column":13}},"line":84},"13":{"name":"(anonymous_13)","decl":{"start":{"line":85,"column":15},"end":{"line":85,"column":16}},"loc":{"start":{"line":85,"column":21},"end":{"line":85,"column":44}},"line":85},"14":{"name":"JobsComponent","decl":{"start":{"line":99,"column":9},"end":{"line":99,"column":22}},"loc":{"start":{"line":99,"column":30},"end":{"line":106,"column":1}},"line":99}},"branchMap":{"0":{"loc":{"start":{"line":62,"column":7},"end":{"line":78,"column":26}},"type":"cond-expr","locations":[{"start":{"line":63,"column":10},"end":{"line":77,"column":11}},{"start":{"line":78,"column":10},"end":{"line":78,"column":26}}],"line":62},"1":{"loc":{"start":{"line":65,"column":14},"end":{"line":76,"column":15}},"type":"binary-expr","locations":[{"start":{"line":65,"column":14},"end":{"line":65,"column":18}},{"start":{"line":66,"column":16},"end":{"line":75,"column":33}}],"line":65},"2":{"loc":{"start":{"line":95,"column":7},"end":{"line":95,"column":50}},"type":"binary-expr","locations":[{"start":{"line":95,"column":7},"end":{"line":95,"column":30}},{"start":{"line":95,"column":34},"end":{"line":95,"column":50}}],"line":95}},"s":{"0":3,"1":0,"2":0,"3":0,"4":0,"5":3,"6":0,"7":0,"8":0,"9":0,"10":3,"11":0,"12":0,"13":0,"14":0,"15":0,"16":3,"17":0,"18":0,"19":0,"20":0,"21":0},"f":{"0":0,"1":0,"2":0,"3":0,"4":0,"5":0,"6":0,"7":0,"8":0,"9":0,"10":0,"11":0,"12":0,"13":0,"14":0},"b":{"0":[0,0],"1":[0,0],"2":[0,0]},"_coverageSchema":"1a1c01bbd47fc00a2c39e90264f33305004495a9","hash":"b34431eb194d2ea73c6e13901e2c9032ece6ae97"}
,"/Users/22060947/Documents/Private/App/test_job/DANS/src/Containers/Jobs/JobsConfig.js": {"path":"/Users/22060947/Documents/Private/App/test_job/DANS/src/Containers/Jobs/JobsConfig.js","statementMap":{"0":{"start":{"line":3,"column":31},"end":{"line":9,"column":1}},"1":{"start":{"line":11,"column":19},"end":{"line":13,"column":1}}},"fnMap":{},"branchMap":{},"s":{"0":4,"1":4},"f":{},"b":{},"_coverageSchema":"1a1c01bbd47fc00a2c39e90264f33305004495a9","hash":"807134e746722e86af0dc19581925463c6b6e27e"}
,"/Users/22060947/Documents/Private/App/test_job/DANS/src/Containers/Jobs/JobsContainer.jsx": {"path":"/Users/22060947/Documents/Private/App/test_job/DANS/src/Containers/Jobs/JobsContainer.jsx","statementMap":{"0":{"start":{"line":8,"column":2},"end":{"line":46,"column":4}},"1":{"start":{"line":9,"column":30},"end":{"line":9,"column":61}},"2":{"start":{"line":10,"column":21},"end":{"line":10,"column":34}},"3":{"start":{"line":12,"column":30},"end":{"line":15,"column":5}},"4":{"start":{"line":13,"column":18},"end":{"line":13,"column":77}},"5":{"start":{"line":16,"column":26},"end":{"line":22,"column":5}},"6":{"start":{"line":18,"column":21},"end":{"line":18,"column":34}},"7":{"start":{"line":19,"column":8},"end":{"line":19,"column":73}},"8":{"start":{"line":19,"column":35},"end":{"line":19,"column":70}},"9":{"start":{"line":23,"column":28},"end":{"line":26,"column":5}},"10":{"start":{"line":24,"column":12},"end":{"line":24,"column":71}},"11":{"start":{"line":24,"column":32},"end":{"line":24,"column":69}},"12":{"start":{"line":27,"column":24},"end":{"line":30,"column":5}},"13":{"start":{"line":28,"column":12},"end":{"line":28,"column":66}},"14":{"start":{"line":28,"column":32},"end":{"line":28,"column":64}},"15":{"start":{"line":31,"column":19},"end":{"line":39,"column":5}},"16":{"start":{"line":32,"column":28},"end":{"line":32,"column":44}},"17":{"start":{"line":33,"column":29},"end":{"line":33,"column":46}},"18":{"start":{"line":34,"column":25},"end":{"line":34,"column":53}},"19":{"start":{"line":35,"column":25},"end":{"line":35,"column":38}},"20":{"start":{"line":36,"column":24},"end":{"line":36,"column":48}},"21":{"start":{"line":37,"column":22},"end":{"line":37,"column":47}},"22":{"start":{"line":38,"column":23},"end":{"line":38,"column":43}},"23":{"start":{"line":41,"column":4},"end":{"line":43,"column":11}},"24":{"start":{"line":42,"column":6},"end":{"line":42,"column":35}},"25":{"start":{"line":45,"column":4},"end":{"line":45,"column":52}}},"fnMap":{"0":{"name":"JobsContainer","decl":{"start":{"line":7,"column":9},"end":{"line":7,"column":22}},"loc":{"start":{"line":7,"column":34},"end":{"line":47,"column":1}},"line":7},"1":{"name":"(anonymous_1)","decl":{"start":{"line":8,"column":9},"end":{"line":8,"column":10}},"loc":{"start":{"line":8,"column":15},"end":{"line":46,"column":3}},"line":8},"2":{"name":"(anonymous_2)","decl":{"start":{"line":13,"column":6},"end":{"line":13,"column":7}},"loc":{"start":{"line":13,"column":18},"end":{"line":13,"column":77}},"line":13},"3":{"name":"(anonymous_3)","decl":{"start":{"line":17,"column":6},"end":{"line":17,"column":7}},"loc":{"start":{"line":17,"column":13},"end":{"line":20,"column":7}},"line":17},"4":{"name":"(anonymous_4)","decl":{"start":{"line":19,"column":24},"end":{"line":19,"column":25}},"loc":{"start":{"line":19,"column":35},"end":{"line":19,"column":70}},"line":19},"5":{"name":"(anonymous_5)","decl":{"start":{"line":24,"column":6},"end":{"line":24,"column":7}},"loc":{"start":{"line":24,"column":12},"end":{"line":24,"column":71}},"line":24},"6":{"name":"(anonymous_6)","decl":{"start":{"line":24,"column":21},"end":{"line":24,"column":22}},"loc":{"start":{"line":24,"column":32},"end":{"line":24,"column":69}},"line":24},"7":{"name":"(anonymous_7)","decl":{"start":{"line":28,"column":6},"end":{"line":28,"column":7}},"loc":{"start":{"line":28,"column":12},"end":{"line":28,"column":66}},"line":28},"8":{"name":"(anonymous_8)","decl":{"start":{"line":28,"column":21},"end":{"line":28,"column":22}},"loc":{"start":{"line":28,"column":32},"end":{"line":28,"column":64}},"line":28},"9":{"name":"(anonymous_9)","decl":{"start":{"line":32,"column":21},"end":{"line":32,"column":22}},"loc":{"start":{"line":32,"column":28},"end":{"line":32,"column":44}},"line":32},"10":{"name":"(anonymous_10)","decl":{"start":{"line":33,"column":23},"end":{"line":33,"column":24}},"loc":{"start":{"line":33,"column":29},"end":{"line":33,"column":46}},"line":33},"11":{"name":"(anonymous_11)","decl":{"start":{"line":34,"column":19},"end":{"line":34,"column":20}},"loc":{"start":{"line":34,"column":25},"end":{"line":34,"column":53}},"line":34},"12":{"name":"(anonymous_12)","decl":{"start":{"line":35,"column":19},"end":{"line":35,"column":20}},"loc":{"start":{"line":35,"column":25},"end":{"line":35,"column":38}},"line":35},"13":{"name":"(anonymous_13)","decl":{"start":{"line":36,"column":18},"end":{"line":36,"column":19}},"loc":{"start":{"line":36,"column":24},"end":{"line":36,"column":48}},"line":36},"14":{"name":"(anonymous_14)","decl":{"start":{"line":37,"column":16},"end":{"line":37,"column":17}},"loc":{"start":{"line":37,"column":22},"end":{"line":37,"column":47}},"line":37},"15":{"name":"(anonymous_15)","decl":{"start":{"line":38,"column":16},"end":{"line":38,"column":17}},"loc":{"start":{"line":38,"column":23},"end":{"line":38,"column":43}},"line":38},"16":{"name":"(anonymous_16)","decl":{"start":{"line":41,"column":14},"end":{"line":41,"column":15}},"loc":{"start":{"line":41,"column":20},"end":{"line":43,"column":5}},"line":41}},"branchMap":{},"s":{"0":3,"1":0,"2":0,"3":0,"4":0,"5":0,"6":0,"7":0,"8":0,"9":0,"10":0,"11":0,"12":0,"13":0,"14":0,"15":0,"16":0,"17":0,"18":0,"19":0,"20":0,"21":0,"22":0,"23":0,"24":0,"25":0},"f":{"0":3,"1":0,"2":0,"3":0,"4":0,"5":0,"6":0,"7":0,"8":0,"9":0,"10":0,"11":0,"12":0,"13":0,"14":0,"15":0,"16":0},"b":{},"_coverageSchema":"1a1c01bbd47fc00a2c39e90264f33305004495a9","hash":"b9031703ce125b133599f540f4dfa868fc365eb6"}
,"/Users/22060947/Documents/Private/App/test_job/DANS/src/Containers/Login/LoginComponent.jsx": {"path":"/Users/22060947/Documents/Private/App/test_job/DANS/src/Containers/Login/LoginComponent.jsx","statementMap":{"0":{"start":{"line":10,"column":19},"end":{"line":10,"column":32}},"1":{"start":{"line":11,"column":16},"end":{"line":16,"column":4}},"2":{"start":{"line":13,"column":6},"end":{"line":13,"column":43}},"3":{"start":{"line":15,"column":19},"end":{"line":15,"column":72}},"4":{"start":{"line":17,"column":27},"end":{"line":17,"column":71}},"5":{"start":{"line":18,"column":30},"end":{"line":25,"column":3}},"6":{"start":{"line":19,"column":4},"end":{"line":24,"column":13}},"7":{"start":{"line":21,"column":21},"end":{"line":21,"column":28}},"8":{"start":{"line":27,"column":2},"end":{"line":32,"column":4}}},"fnMap":{"0":{"name":"LoginComponent","decl":{"start":{"line":9,"column":9},"end":{"line":9,"column":23}},"loc":{"start":{"line":9,"column":26},"end":{"line":33,"column":1}},"line":9},"1":{"name":"(anonymous_1)","decl":{"start":{"line":12,"column":15},"end":{"line":12,"column":16}},"loc":{"start":{"line":12,"column":33},"end":{"line":14,"column":5}},"line":12},"2":{"name":"(anonymous_2)","decl":{"start":{"line":15,"column":13},"end":{"line":15,"column":14}},"loc":{"start":{"line":15,"column":19},"end":{"line":15,"column":72}},"line":15},"3":{"name":"(anonymous_3)","decl":{"start":{"line":18,"column":30},"end":{"line":18,"column":31}},"loc":{"start":{"line":19,"column":4},"end":{"line":24,"column":13}},"line":19},"4":{"name":"(anonymous_4)","decl":{"start":{"line":21,"column":15},"end":{"line":21,"column":16}},"loc":{"start":{"line":21,"column":21},"end":{"line":21,"column":28}},"line":21}},"branchMap":{},"s":{"0":0,"1":0,"2":0,"3":0,"4":0,"5":0,"6":0,"7":0,"8":0},"f":{"0":0,"1":0,"2":0,"3":0,"4":0},"b":{},"_coverageSchema":"1a1c01bbd47fc00a2c39e90264f33305004495a9","hash":"c51d1b5737491975ce3e8bdfbe7794905cb28d79"}
,"/Users/22060947/Documents/Private/App/test_job/DANS/src/Redux/store.js": {"path":"/Users/22060947/Documents/Private/App/test_job/DANS/src/Redux/store.js","statementMap":{"0":{"start":{"line":17,"column":26},"end":{"line":20,"column":1}},"1":{"start":{"line":22,"column":27},"end":{"line":22,"column":71}},"2":{"start":{"line":24,"column":20},"end":{"line":28,"column":1}},"3":{"start":{"line":30,"column":14},"end":{"line":38,"column":2}},"4":{"start":{"line":33,"column":4},"end":{"line":37,"column":6}},"5":{"start":{"line":40,"column":18},"end":{"line":40,"column":37}}},"fnMap":{"0":{"name":"(anonymous_0)","decl":{"start":{"line":32,"column":14},"end":{"line":32,"column":15}},"loc":{"start":{"line":33,"column":4},"end":{"line":37,"column":6}},"line":33}},"branchMap":{},"s":{"0":5,"1":5,"2":5,"3":5,"4":5,"5":5},"f":{"0":5},"b":{},"_coverageSchema":"1a1c01bbd47fc00a2c39e90264f33305004495a9","hash":"4c8e0a2245fba6a40b9b9aa142456ef373c04f77"}
,"/Users/22060947/Documents/Private/App/test_job/DANS/src/Redux/features/Auth/AuthSlice.js": {"path":"/Users/22060947/Documents/Private/App/test_job/DANS/src/Redux/features/Auth/AuthSlice.js","statementMap":{"0":{"start":{"line":4,"column":25},"end":{"line":15,"column":2}},"1":{"start":{"line":8,"column":43},"end":{"line":12,"column":5}},"2":{"start":{"line":13,"column":26},"end":{"line":13,"column":44}},"3":{"start":{"line":17,"column":47},"end":{"line":17,"column":64}}},"fnMap":{"0":{"name":"(anonymous_0)","decl":{"start":{"line":8,"column":18},"end":{"line":8,"column":19}},"loc":{"start":{"line":8,"column":43},"end":{"line":12,"column":5}},"line":8},"1":{"name":"(anonymous_1)","decl":{"start":{"line":13,"column":19},"end":{"line":13,"column":20}},"loc":{"start":{"line":13,"column":26},"end":{"line":13,"column":44}},"line":13}},"branchMap":{},"s":{"0":5,"1":0,"2":0,"3":5},"f":{"0":0,"1":0},"b":{},"_coverageSchema":"1a1c01bbd47fc00a2c39e90264f33305004495a9","hash":"5e1b028ff9b80d68ece59981efc0ade983206306"}
,"/Users/22060947/Documents/Private/App/test_job/DANS/src/Redux/features/Auth/AuthSliceConfig.js": {"path":"/Users/22060947/Documents/Private/App/test_job/DANS/src/Redux/features/Auth/AuthSliceConfig.js","statementMap":{"0":{"start":{"line":1,"column":28},"end":{"line":3,"column":1}}},"fnMap":{},"branchMap":{},"s":{"0":5},"f":{},"b":{},"_coverageSchema":"1a1c01bbd47fc00a2c39e90264f33305004495a9","hash":"c40ec465629c97ed1267072d6bca7aaf0f007e66"}
,"/Users/22060947/Documents/Private/App/test_job/DANS/src/Redux/features/Error/ErrorConfig.js": {"path":"/Users/22060947/Documents/Private/App/test_job/DANS/src/Redux/features/Error/ErrorConfig.js","statementMap":{"0":{"start":{"line":1,"column":33},"end":{"line":5,"column":1}}},"fnMap":{},"branchMap":{},"s":{"0":6},"f":{},"b":{},"_coverageSchema":"1a1c01bbd47fc00a2c39e90264f33305004495a9","hash":"0f48769c48bbf2e74f36227520417ba2d3fd760a"}
,"/Users/22060947/Documents/Private/App/test_job/DANS/src/Redux/features/Error/ErrorSlice.js": {"path":"/Users/22060947/Documents/Private/App/test_job/DANS/src/Redux/features/Error/ErrorSlice.js","statementMap":{"0":{"start":{"line":4,"column":26},"end":{"line":27,"column":2}},"1":{"start":{"line":8,"column":40},"end":{"line":13,"column":5}},"2":{"start":{"line":14,"column":42},"end":{"line":19,"column":5}},"3":{"start":{"line":20,"column":44},"end":{"line":25,"column":5}},"4":{"start":{"line":29,"column":57},"end":{"line":29,"column":75}}},"fnMap":{"0":{"name":"(anonymous_0)","decl":{"start":{"line":8,"column":15},"end":{"line":8,"column":16}},"loc":{"start":{"line":8,"column":40},"end":{"line":13,"column":5}},"line":8},"1":{"name":"(anonymous_1)","decl":{"start":{"line":14,"column":17},"end":{"line":14,"column":18}},"loc":{"start":{"line":14,"column":42},"end":{"line":19,"column":5}},"line":14},"2":{"name":"(anonymous_2)","decl":{"start":{"line":20,"column":19},"end":{"line":20,"column":20}},"loc":{"start":{"line":20,"column":44},"end":{"line":25,"column":5}},"line":20}},"branchMap":{},"s":{"0":6,"1":0,"2":0,"3":0,"4":6},"f":{"0":0,"1":0,"2":0},"b":{},"_coverageSchema":"1a1c01bbd47fc00a2c39e90264f33305004495a9","hash":"03909c13424707a9c9a15e4d826b58d078f6f05f"}
,"/Users/22060947/Documents/Private/App/test_job/DANS/src/Redux/features/Loading/LoadingSlice.js": {"path":"/Users/22060947/Documents/Private/App/test_job/DANS/src/Redux/features/Loading/LoadingSlice.js","statementMap":{"0":{"start":{"line":4,"column":28},"end":{"line":11,"column":2}},"1":{"start":{"line":8,"column":23},"end":{"line":8,"column":45}},"2":{"start":{"line":9,"column":24},"end":{"line":9,"column":47}},"3":{"start":{"line":13,"column":43},"end":{"line":13,"column":63}}},"fnMap":{"0":{"name":"(anonymous_0)","decl":{"start":{"line":8,"column":16},"end":{"line":8,"column":17}},"loc":{"start":{"line":8,"column":23},"end":{"line":8,"column":45}},"line":8},"1":{"name":"(anonymous_1)","decl":{"start":{"line":9,"column":17},"end":{"line":9,"column":18}},"loc":{"start":{"line":9,"column":24},"end":{"line":9,"column":47}},"line":9}},"branchMap":{},"s":{"0":5,"1":0,"2":0,"3":5},"f":{"0":0,"1":0},"b":{},"_coverageSchema":"1a1c01bbd47fc00a2c39e90264f33305004495a9","hash":"0bf5cbb5e3717a3fc58bd0a51de3c7684c4bc91c"}
,"/Users/22060947/Documents/Private/App/test_job/DANS/src/Redux/features/Loading/LoadingSliceConfig.js": {"path":"/Users/22060947/Documents/Private/App/test_job/DANS/src/Redux/features/Loading/LoadingSliceConfig.js","statementMap":{"0":{"start":{"line":1,"column":28},"end":{"line":3,"column":1}}},"fnMap":{},"branchMap":{},"s":{"0":5},"f":{},"b":{},"_coverageSchema":"1a1c01bbd47fc00a2c39e90264f33305004495a9","hash":"11e038d0c706260f1aaa5551083e15a04a5b0e41"}
,"/Users/22060947/Documents/Private/App/test_job/DANS/src/Routes/Routes.jsx": {"path":"/Users/22060947/Documents/Private/App/test_job/DANS/src/Routes/Routes.jsx","statementMap":{"0":{"start":{"line":6,"column":15},"end":{"line":18,"column":1}},"1":{"start":{"line":7,"column":2},"end":{"line":17,"column":4}},"2":{"start":{"line":11,"column":10},"end":{"line":13,"column":27}}},"fnMap":{"0":{"name":"(anonymous_0)","decl":{"start":{"line":6,"column":15},"end":{"line":6,"column":16}},"loc":{"start":{"line":6,"column":21},"end":{"line":18,"column":1}},"line":6},"1":{"name":"(anonymous_1)","decl":{"start":{"line":10,"column":23},"end":{"line":10,"column":24}},"loc":{"start":{"line":11,"column":10},"end":{"line":13,"column":27}},"line":11}},"branchMap":{},"s":{"0":1,"1":0,"2":0},"f":{"0":0,"1":0},"b":{},"_coverageSchema":"1a1c01bbd47fc00a2c39e90264f33305004495a9","hash":"2ff6d1a54d32b15ebac3c0a7a823ee5eb6bb1a6d"}
,"/Users/22060947/Documents/Private/App/test_job/DANS/src/Routes/RoutesConfig.jsx": {"path":"/Users/22060947/Documents/Private/App/test_job/DANS/src/Routes/RoutesConfig.jsx","statementMap":{"0":{"start":{"line":7,"column":18},"end":{"line":12,"column":1}},"1":{"start":{"line":14,"column":18},"end":{"line":19,"column":1}}},"fnMap":{},"branchMap":{},"s":{"0":3,"1":3},"f":{},"b":{},"_coverageSchema":"1a1c01bbd47fc00a2c39e90264f33305004495a9","hash":"57871bb8a54ea8d65dbe50893d62aab434cae2b6"}
,"/Users/22060947/Documents/Private/App/test_job/DANS/src/Routes/RoutesWrapper.jsx": {"path":"/Users/22060947/Documents/Private/App/test_job/DANS/src/Routes/RoutesWrapper.jsx","statementMap":{"0":{"start":{"line":6,"column":27},"end":{"line":16,"column":1}},"1":{"start":{"line":7,"column":19},"end":{"line":7,"column":48}},"2":{"start":{"line":7,"column":42},"end":{"line":7,"column":47}},"3":{"start":{"line":8,"column":19},"end":{"line":8,"column":32}},"4":{"start":{"line":9,"column":24},"end":{"line":9,"column":78}},"5":{"start":{"line":10,"column":22},"end":{"line":10,"column":115}},"6":{"start":{"line":11,"column":2},"end":{"line":11,"column":104}},"7":{"start":{"line":11,"column":21},"end":{"line":11,"column":104}},"8":{"start":{"line":12,"column":2},"end":{"line":12,"column":101}},"9":{"start":{"line":12,"column":19},"end":{"line":12,"column":101}},"10":{"start":{"line":13,"column":17},"end":{"line":13,"column":62}},"11":{"start":{"line":15,"column":2},"end":{"line":15,"column":15}}},"fnMap":{"0":{"name":"(anonymous_0)","decl":{"start":{"line":6,"column":27},"end":{"line":6,"column":28}},"loc":{"start":{"line":6,"column":45},"end":{"line":16,"column":1}},"line":6},"1":{"name":"(anonymous_1)","decl":{"start":{"line":7,"column":31},"end":{"line":7,"column":32}},"loc":{"start":{"line":7,"column":42},"end":{"line":7,"column":47}},"line":7}},"branchMap":{"0":{"loc":{"start":{"line":9,"column":24},"end":{"line":9,"column":78}},"type":"binary-expr","locations":[{"start":{"line":9,"column":24},"end":{"line":9,"column":37}},{"start":{"line":9,"column":41},"end":{"line":9,"column":78}}],"line":9},"1":{"loc":{"start":{"line":10,"column":22},"end":{"line":10,"column":115}},"type":"binary-expr","locations":[{"start":{"line":10,"column":22},"end":{"line":10,"column":34}},{"start":{"line":10,"column":38},"end":{"line":10,"column":75}},{"start":{"line":10,"column":79},"end":{"line":10,"column":115}}],"line":10},"2":{"loc":{"start":{"line":11,"column":2},"end":{"line":11,"column":104}},"type":"if","locations":[{"start":{"line":11,"column":2},"end":{"line":11,"column":104}},{"start":{},"end":{}}],"line":11},"3":{"loc":{"start":{"line":12,"column":2},"end":{"line":12,"column":101}},"type":"if","locations":[{"start":{"line":12,"column":2},"end":{"line":12,"column":101}},{"start":{},"end":{}}],"line":12}},"s":{"0":1,"1":0,"2":0,"3":0,"4":0,"5":0,"6":0,"7":0,"8":0,"9":0,"10":0,"11":0},"f":{"0":0,"1":0},"b":{"0":[0,0],"1":[0,0,0],"2":[0,0],"3":[0,0]},"_coverageSchema":"1a1c01bbd47fc00a2c39e90264f33305004495a9","hash":"746cc2b32e3ceb8d91ae8fe4857529b7b05b348b"}
,"/Users/22060947/Documents/Private/App/test_job/DANS/src/Utils/Inteceptor.js": {"path":"/Users/22060947/Documents/Private/App/test_job/DANS/src/Utils/Inteceptor.js","statementMap":{"0":{"start":{"line":8,"column":17},"end":{"line":8,"column":31}},"1":{"start":{"line":10,"column":0},"end":{"line":18,"column":2}},"2":{"start":{"line":12,"column":4},"end":{"line":12,"column":33}},"3":{"start":{"line":13,"column":4},"end":{"line":13,"column":18}},"4":{"start":{"line":16,"column":4},"end":{"line":16,"column":33}},"5":{"start":{"line":21,"column":0},"end":{"line":31,"column":2}},"6":{"start":{"line":23,"column":4},"end":{"line":23,"column":34}},"7":{"start":{"line":24,"column":4},"end":{"line":24,"column":20}},"8":{"start":{"line":27,"column":4},"end":{"line":27,"column":34}},"9":{"start":{"line":28,"column":4},"end":{"line":28,"column":58}},"10":{"start":{"line":29,"column":4},"end":{"line":29,"column":33}}},"fnMap":{"0":{"name":"(anonymous_0)","decl":{"start":{"line":11,"column":2},"end":{"line":11,"column":3}},"loc":{"start":{"line":11,"column":20},"end":{"line":14,"column":3}},"line":11},"1":{"name":"(anonymous_1)","decl":{"start":{"line":15,"column":2},"end":{"line":15,"column":3}},"loc":{"start":{"line":15,"column":19},"end":{"line":17,"column":3}},"line":15},"2":{"name":"(anonymous_2)","decl":{"start":{"line":22,"column":2},"end":{"line":22,"column":3}},"loc":{"start":{"line":22,"column":22},"end":{"line":25,"column":3}},"line":22},"3":{"name":"(anonymous_3)","decl":{"start":{"line":26,"column":2},"end":{"line":26,"column":3}},"loc":{"start":{"line":26,"column":19},"end":{"line":30,"column":3}},"line":26}},"branchMap":{},"s":{"0":4,"1":4,"2":0,"3":0,"4":0,"5":4,"6":0,"7":0,"8":0,"9":0,"10":0},"f":{"0":0,"1":0,"2":0,"3":0},"b":{},"_coverageSchema":"1a1c01bbd47fc00a2c39e90264f33305004495a9","hash":"86c3394680a713c9ff704f41e53471d0b4131497"}
}
