TN:
SF:src/App.jsx
FN:6,App
FN:7,(anonymous_1)
FNF:2
FNH:1
FNDA:5,App
FNDA:0,(anonymous_1)
DA:7,5
DA:8,0
LF:2
LH:1
BRF:0
BRH:0
end_of_record
TN:
SF:src/Component/Card/CardComponent.jsx
FN:3,CardComponent
FNF:1
FNH:1
FNDA:3,CardComponent
DA:4,3
LF:1
LH:1
BRF:0
BRH:0
end_of_record
TN:
SF:src/Component/Checkbox/CheckboxComponent.jsx
FN:3,CheckboxComponent
FNF:1
FNH:1
FNDA:3,CheckboxComponent
DA:4,3
LF:1
LH:1
BRF:0
BRH:0
end_of_record
TN:
SF:src/Component/Input/InputComponent.jsx
FN:3,InputComponent
FNF:1
FNH:1
FNDA:2,InputComponent
DA:12,2
LF:1
LH:1
BRDA:21,0,0,2
BRDA:21,0,1,1
BRF:2
BRH:2
end_of_record
TN:
SF:src/Component/Layout/LayoutComponent.jsx
FN:8,LayoutComponent
FNF:1
FNH:1
FNDA:4,LayoutComponent
DA:9,4
LF:1
LH:1
BRF:0
BRH:0
end_of_record
TN:
SF:src/Component/LoadingComponent/LoadingComponent.jsx
FN:5,(anonymous_0)
FN:15,LoadingComponent
FN:16,(anonymous_2)
FNF:3
FNH:3
FNDA:2,(anonymous_0)
FNDA:4,LoadingComponent
FNDA:2,(anonymous_2)
DA:5,2
DA:6,2
DA:16,4
DA:17,4
DA:18,4
DA:19,4
LF:6
LH:6
BRDA:18,0,0,4
BRDA:18,0,1,2
BRF:2
BRH:2
end_of_record
TN:
SF:src/Component/Navbar/NavbarComponent.jsx
FN:7,NavbarComponent
FN:8,(anonymous_1)
FN:11,(anonymous_2)
FN:24,Logout
FN:28,(anonymous_4)
FN:30,(anonymous_5)
FNF:6
FNH:5
FNDA:4,NavbarComponent
FNDA:0,(anonymous_1)
FNDA:4,(anonymous_2)
FNDA:1,Logout
FNDA:4,(anonymous_4)
FNDA:4,(anonymous_5)
DA:8,4
DA:9,4
DA:10,4
DA:11,4
DA:12,4
DA:25,1
DA:28,4
DA:30,4
DA:31,4
DA:36,4
LF:10
LH:10
BRDA:13,0,0,4
BRDA:13,0,1,2
BRDA:18,1,0,2
BRDA:18,1,1,2
BRF:4
BRH:4
end_of_record
TN:
SF:src/Component/SlideShow/SlideShow.jsx
FN:24,SlideShow
FN:27,(anonymous_1)
FN:31,(anonymous_2)
FN:35,(anonymous_3)
FN:36,(anonymous_4)
FN:39,(anonymous_5)
FN:44,(anonymous_6)
FNF:7
FNH:4
FNDA:2,SlideShow
FNDA:0,(anonymous_1)
FNDA:0,(anonymous_2)
FNDA:2,(anonymous_3)
FNDA:0,(anonymous_4)
FNDA:2,(anonymous_5)
FNDA:6,(anonymous_6)
DA:6,2
DA:25,2
DA:27,2
DA:28,0
DA:31,2
DA:32,0
DA:35,2
DA:36,2
DA:37,0
DA:39,2
DA:42,2
DA:45,6
LF:12
LH:9
BRDA:48,0,0,2
BRDA:48,0,1,4
BRF:2
BRH:2
end_of_record
TN:
SF:src/Component/Toast/ToastComponent.jsx
FN:7,ToastComponent
FN:8,(anonymous_1)
FN:11,(anonymous_2)
FN:14,(anonymous_3)
FNF:4
FNH:3
FNDA:1,ToastComponent
FNDA:1,(anonymous_1)
FNDA:1,(anonymous_2)
FNDA:0,(anonymous_3)
DA:8,1
DA:9,1
DA:11,1
DA:12,1
DA:13,0
DA:14,0
DA:18,1
LF:7
LH:5
BRDA:12,0,0,0
BRDA:12,0,1,1
BRDA:12,1,0,1
BRDA:12,1,1,1
BRF:4
BRH:3
end_of_record
TN:
SF:src/Containers/DetailsJob/DetailsComponent.jsx
FN:6,DetailsComponent
FN:7,(anonymous_1)
FN:13,(anonymous_2)
FNF:3
FNH:0
FNDA:0,DetailsComponent
FNDA:0,(anonymous_1)
FNDA:0,(anonymous_2)
DA:7,0
DA:8,0
DA:13,0
DA:24,0
LF:4
LH:0
BRF:0
BRH:0
end_of_record
TN:
SF:src/Containers/DetailsJob/DetailsConfig.js
FNF:0
FNH:0
DA:1,3
LF:1
LH:1
BRF:0
BRH:0
end_of_record
TN:
SF:src/Containers/DetailsJob/DetailsContainer.jsx
FN:6,WithDetailsContainer
FN:7,(anonymous_1)
FN:13,(anonymous_2)
FN:17,(anonymous_3)
FN:19,(anonymous_4)
FN:20,(anonymous_5)
FN:24,(anonymous_6)
FN:25,(anonymous_7)
FN:28,(anonymous_8)
FN:31,(anonymous_9)
FN:34,(anonymous_10)
FNF:11
FNH:1
FNDA:3,WithDetailsContainer
FNDA:0,(anonymous_1)
FNDA:0,(anonymous_2)
FNDA:0,(anonymous_3)
FNDA:0,(anonymous_4)
FNDA:0,(anonymous_5)
FNDA:0,(anonymous_6)
FNDA:0,(anonymous_7)
FNDA:0,(anonymous_8)
FNDA:0,(anonymous_9)
FNDA:0,(anonymous_10)
DA:7,3
DA:8,0
DA:9,0
DA:10,0
DA:11,0
DA:13,0
DA:14,0
DA:15,0
DA:16,0
DA:17,0
DA:19,0
DA:20,0
DA:23,0
DA:24,0
DA:25,0
DA:28,0
DA:29,0
DA:30,0
DA:31,0
DA:34,0
DA:35,0
DA:38,0
LF:22
LH:1
BRF:0
BRH:0
end_of_record
TN:
SF:src/Containers/DetailsJob/FetcherDetails.js
FN:3,(anonymous_0)
FN:8,(anonymous_1)
FN:10,(anonymous_2)
FNF:3
FNH:0
FNDA:0,(anonymous_0)
FNDA:0,(anonymous_1)
FNDA:0,(anonymous_2)
DA:3,3
DA:4,0
DA:5,0
DA:8,0
DA:10,0
LF:5
LH:1
BRF:0
BRH:0
end_of_record
TN:
SF:src/Containers/Home/HomeComponent.jsx
FN:3,HomeComponent
FNF:1
FNH:0
FNDA:0,HomeComponent
DA:4,0
LF:1
LH:0
BRF:0
BRH:0
end_of_record
TN:
SF:src/Containers/Jobs/JobFetch.js
FN:5,(anonymous_0)
FN:10,(anonymous_1)
FN:11,(anonymous_2)
FN:13,(anonymous_3)
FN:14,(anonymous_4)
FN:18,(anonymous_5)
FN:27,(anonymous_6)
FN:31,(anonymous_7)
FN:32,(anonymous_8)
FN:39,(anonymous_9)
FN:41,(anonymous_10)
FNF:11
FNH:0
FNDA:0,(anonymous_0)
FNDA:0,(anonymous_1)
FNDA:0,(anonymous_2)
FNDA:0,(anonymous_3)
FNDA:0,(anonymous_4)
FNDA:0,(anonymous_5)
FNDA:0,(anonymous_6)
FNDA:0,(anonymous_7)
FNDA:0,(anonymous_8)
FNDA:0,(anonymous_9)
FNDA:0,(anonymous_10)
DA:5,3
DA:6,0
DA:7,0
DA:9,0
DA:11,0
DA:14,0
DA:18,3
DA:19,0
DA:20,0
DA:21,0
DA:22,0
DA:23,0
DA:25,0
DA:26,0
DA:27,0
DA:31,3
DA:32,0
DA:33,0
DA:34,0
DA:35,0
DA:37,0
DA:38,0
DA:39,0
DA:41,0
LF:24
LH:3
BRF:0
BRH:0
end_of_record
TN:
SF:src/Containers/Jobs/JobsComponent.jsx
FN:7,(anonymous_0)
FN:13,(anonymous_1)
FN:21,(anonymous_2)
FN:27,(anonymous_3)
FN:34,(anonymous_4)
FN:35,(anonymous_5)
FN:37,(anonymous_6)
FN:57,(anonymous_7)
FN:58,(anonymous_8)
FN:64,(anonymous_9)
FN:68,(anonymous_10)
FN:82,(anonymous_11)
FN:83,(anonymous_12)
FN:85,(anonymous_13)
FN:99,JobsComponent
FNF:15
FNH:0
FNDA:0,(anonymous_0)
FNDA:0,(anonymous_1)
FNDA:0,(anonymous_2)
FNDA:0,(anonymous_3)
FNDA:0,(anonymous_4)
FNDA:0,(anonymous_5)
FNDA:0,(anonymous_6)
FNDA:0,(anonymous_7)
FNDA:0,(anonymous_8)
FNDA:0,(anonymous_9)
FNDA:0,(anonymous_10)
FNDA:0,(anonymous_11)
FNDA:0,(anonymous_12)
FNDA:0,(anonymous_13)
FNDA:0,JobsComponent
DA:7,3
DA:8,0
DA:13,0
DA:21,0
DA:27,0
DA:34,3
DA:35,0
DA:36,0
DA:37,0
DA:44,0
DA:57,3
DA:58,0
DA:60,0
DA:65,0
DA:68,0
DA:82,3
DA:83,0
DA:84,0
DA:85,0
DA:92,0
DA:100,0
LF:21
LH:4
BRDA:62,0,0,0
BRDA:62,0,1,0
BRDA:65,1,0,0
BRDA:65,1,1,0
BRDA:95,2,0,0
BRDA:95,2,1,0
BRF:6
BRH:0
end_of_record
TN:
SF:src/Containers/Jobs/JobsConfig.js
FNF:0
FNH:0
DA:3,3
DA:11,3
LF:2
LH:2
BRF:0
BRH:0
end_of_record
TN:
SF:src/Containers/Jobs/JobsContainer.jsx
FN:7,JobsContainer
FN:8,(anonymous_1)
FN:13,(anonymous_2)
FN:17,(anonymous_3)
FN:19,(anonymous_4)
FN:24,(anonymous_5)
FN:24,(anonymous_6)
FN:28,(anonymous_7)
FN:28,(anonymous_8)
FN:32,(anonymous_9)
FN:33,(anonymous_10)
FN:34,(anonymous_11)
FN:35,(anonymous_12)
FN:36,(anonymous_13)
FN:37,(anonymous_14)
FN:38,(anonymous_15)
FN:41,(anonymous_16)
FNF:17
FNH:1
FNDA:3,JobsContainer
FNDA:0,(anonymous_1)
FNDA:0,(anonymous_2)
FNDA:0,(anonymous_3)
FNDA:0,(anonymous_4)
FNDA:0,(anonymous_5)
FNDA:0,(anonymous_6)
FNDA:0,(anonymous_7)
FNDA:0,(anonymous_8)
FNDA:0,(anonymous_9)
FNDA:0,(anonymous_10)
FNDA:0,(anonymous_11)
FNDA:0,(anonymous_12)
FNDA:0,(anonymous_13)
FNDA:0,(anonymous_14)
FNDA:0,(anonymous_15)
FNDA:0,(anonymous_16)
DA:8,3
DA:9,0
DA:10,0
DA:12,0
DA:13,0
DA:16,0
DA:18,0
DA:19,0
DA:23,0
DA:24,0
DA:27,0
DA:28,0
DA:31,0
DA:32,0
DA:33,0
DA:34,0
DA:35,0
DA:36,0
DA:37,0
DA:38,0
DA:41,0
DA:42,0
DA:45,0
LF:23
LH:1
BRF:0
BRH:0
end_of_record
TN:
SF:src/Containers/Login/LoginComponent.jsx
FN:9,LoginComponent
FN:12,(anonymous_1)
FN:15,(anonymous_2)
FN:18,(anonymous_3)
FN:21,(anonymous_4)
FNF:5
FNH:0
FNDA:0,LoginComponent
FNDA:0,(anonymous_1)
FNDA:0,(anonymous_2)
FNDA:0,(anonymous_3)
FNDA:0,(anonymous_4)
DA:10,0
DA:11,0
DA:13,0
DA:15,0
DA:17,0
DA:18,0
DA:19,0
DA:21,0
DA:27,0
LF:9
LH:0
BRF:0
BRH:0
end_of_record
TN:
SF:src/Redux/store.js
FN:32,(anonymous_0)
FNF:1
FNH:1
FNDA:4,(anonymous_0)
DA:17,4
DA:22,4
DA:24,4
DA:30,4
DA:33,4
DA:40,4
LF:6
LH:6
BRF:0
BRH:0
end_of_record
TN:
SF:src/Redux/features/Auth/AuthSlice.js
FN:8,(anonymous_0)
FN:13,(anonymous_1)
FNF:2
FNH:0
FNDA:0,(anonymous_0)
FNDA:0,(anonymous_1)
DA:4,4
DA:8,0
DA:13,0
DA:17,4
LF:4
LH:2
BRF:0
BRH:0
end_of_record
TN:
SF:src/Redux/features/Auth/AuthSliceConfig.js
FNF:0
FNH:0
DA:1,4
LF:1
LH:1
BRF:0
BRH:0
end_of_record
TN:
SF:src/Redux/features/Error/ErrorConfig.js
FNF:0
FNH:0
DA:1,5
LF:1
LH:1
BRF:0
BRH:0
end_of_record
TN:
SF:src/Redux/features/Error/ErrorSlice.js
FN:8,(anonymous_0)
FN:14,(anonymous_1)
FN:20,(anonymous_2)
FNF:3
FNH:0
FNDA:0,(anonymous_0)
FNDA:0,(anonymous_1)
FNDA:0,(anonymous_2)
DA:4,5
DA:8,0
DA:14,0
DA:20,0
DA:29,5
LF:5
LH:2
BRF:0
BRH:0
end_of_record
TN:
SF:src/Redux/features/Loading/LoadingSlice.js
FN:8,(anonymous_0)
FN:9,(anonymous_1)
FNF:2
FNH:0
FNDA:0,(anonymous_0)
FNDA:0,(anonymous_1)
DA:4,4
DA:8,0
DA:9,0
DA:13,4
LF:4
LH:2
BRF:0
BRH:0
end_of_record
TN:
SF:src/Redux/features/Loading/LoadingSliceConfig.js
FNF:0
FNH:0
DA:1,4
LF:1
LH:1
BRF:0
BRH:0
end_of_record
TN:
SF:src/Routes/Routes.jsx
FN:6,(anonymous_0)
FN:10,(anonymous_1)
FNF:2
FNH:0
FNDA:0,(anonymous_0)
FNDA:0,(anonymous_1)
DA:6,1
DA:7,0
DA:11,0
LF:3
LH:1
BRF:0
BRH:0
end_of_record
TN:
SF:src/Routes/RoutesConfig.jsx
FNF:0
FNH:0
DA:7,3
DA:14,3
LF:2
LH:2
BRF:0
BRH:0
end_of_record
TN:
SF:src/Routes/RoutesWrapper.jsx
FN:6,(anonymous_0)
FN:7,(anonymous_1)
FNF:2
FNH:0
FNDA:0,(anonymous_0)
FNDA:0,(anonymous_1)
DA:6,1
DA:7,0
DA:8,0
DA:9,0
DA:10,0
DA:11,0
DA:12,0
DA:13,0
DA:15,0
LF:9
LH:1
BRDA:9,0,0,0
BRDA:9,0,1,0
BRDA:10,1,0,0
BRDA:10,1,1,0
BRDA:10,1,2,0
BRDA:11,2,0,0
BRDA:11,2,1,0
BRDA:12,3,0,0
BRDA:12,3,1,0
BRF:9
BRH:0
end_of_record
TN:
SF:src/Utils/Inteceptor.js
FN:11,(anonymous_0)
FN:15,(anonymous_1)
FN:22,(anonymous_2)
FN:26,(anonymous_3)
FNF:4
FNH:0
FNDA:0,(anonymous_0)
FNDA:0,(anonymous_1)
FNDA:0,(anonymous_2)
FNDA:0,(anonymous_3)
DA:8,3
DA:10,3
DA:12,0
DA:13,0
DA:16,0
DA:21,3
DA:23,0
DA:24,0
DA:27,0
DA:28,0
DA:29,0
LF:11
LH:3
BRF:0
BRH:0
end_of_record
